
         ,--.
       ,--.'|
   ,--,:  : |                                           Nacos 1.1.4
,`--.'`|  ' :                       ,---.               Running in stand alone mode, All function modules
|   :  :  | |                      '   ,'\   .--.--.    Port: 8848
:   |   \ | :  ,--.--.     ,---.  /   /   | /  /    '   Pid: 24
|   : '  '; | /       \   /     \.   ; ,. :|  :  /`./   Console: http://registry-server:8848/nacos/index.html
'   ' ;.    ;.--.  .-. | /    / ''   | |: :|  :  ;_
|   | | \   | \__\/: . ..    ' / '   | .; : \  \    `.      https://nacos.io
'   : |  ; .' ," .--.; |'   ; :__|   :    |  `----.   \
|   | '`--'  /  /  ,.  |'   | '.'|\   \  /  /  /`--'  /
'   : |     ;  :   .'   \   :    : `----'  '--'.     /
;   |.'     |  ,     .-./\   \  /            `--'---'
'---'        `--`---'     `----'

2019-11-22 15:30:34,888 INFO Bean 'org.springframework.security.config.annotation.configuration.ObjectPostProcessorConfiguration' of type [org.springframework.security.config.annotation.configuration.ObjectPostProcessorConfiguration$$EnhancerBySpringCGLIB$$2c8b79c2] is not eligible for getting processed by all BeanPostProcessors (for example: not eligible for auto-proxying)

2019-11-22 15:30:35,177 INFO Bean 'objectPostProcessor' of type [org.springframework.security.config.annotation.configuration.AutowireBeanFactoryObjectPostProcessor] is not eligible for getting processed by all BeanPostProcessors (for example: not eligible for auto-proxying)

2019-11-22 15:30:35,216 INFO Bean 'org.springframework.security.access.expression.method.DefaultMethodSecurityExpressionHandler@28dcca0c' of type [org.springframework.security.access.expression.method.DefaultMethodSecurityExpressionHandler] is not eligible for getting processed by all BeanPostProcessors (for example: not eligible for auto-proxying)

2019-11-22 15:30:35,235 INFO Bean 'org.springframework.security.config.annotation.method.configuration.GlobalMethodSecurityConfiguration' of type [org.springframework.security.config.annotation.method.configuration.GlobalMethodSecurityConfiguration$$EnhancerBySpringCGLIB$$51601c74] is not eligible for getting processed by all BeanPostProcessors (for example: not eligible for auto-proxying)

2019-11-22 15:30:35,256 INFO Bean 'methodSecurityMetadataSource' of type [org.springframework.security.access.method.DelegatingMethodSecurityMetadataSource] is not eligible for getting processed by all BeanPostProcessors (for example: not eligible for auto-proxying)

2019-11-22 15:30:36,464 INFO Tomcat initialized with port(s): 8848 (http)

2019-11-22 15:30:36,773 INFO Root WebApplicationContext: initialization completed in 5624 ms

2019-11-22 15:30:43,003 INFO Initializing ExecutorService 'applicationTaskExecutor'

2019-11-22 15:30:43,412 INFO Adding welcome page: class path resource [static/index.html]

2019-11-22 15:30:44,051 INFO Creating filter chain: Ant [pattern='/'], []

2019-11-22 15:30:44,054 INFO Creating filter chain: Ant [pattern='/**/*.css'], []

2019-11-22 15:30:44,055 INFO Creating filter chain: Ant [pattern='/**/*.js'], []

2019-11-22 15:30:44,056 INFO Creating filter chain: Ant [pattern='/**/*.html'], []

2019-11-22 15:30:44,058 INFO Creating filter chain: Ant [pattern='/**/*.map'], []

2019-11-22 15:30:44,058 INFO Creating filter chain: Ant [pattern='/**/*.svg'], []

2019-11-22 15:30:44,060 INFO Creating filter chain: Ant [pattern='/**/*.png'], []

2019-11-22 15:30:44,061 INFO Creating filter chain: Ant [pattern='/**/*.ico'], []

2019-11-22 15:30:44,063 INFO Creating filter chain: Ant [pattern='/console-fe/public/**'], []

2019-11-22 15:30:44,064 INFO Creating filter chain: Ant [pattern='/v1/auth/login'], []

2019-11-22 15:30:44,065 INFO Creating filter chain: Ant [pattern='/v1/console/health/**'], []

2019-11-22 15:30:44,066 INFO Creating filter chain: Ant [pattern='/v1/cs/**'], []

2019-11-22 15:30:44,067 INFO Creating filter chain: Ant [pattern='/v1/ns/**'], []

2019-11-22 15:30:44,069 INFO Creating filter chain: Ant [pattern='/v1/cmdb/**'], []

2019-11-22 15:30:44,070 INFO Creating filter chain: Ant [pattern='/actuator/**'], []

2019-11-22 15:30:44,072 INFO Creating filter chain: Ant [pattern='/v1/console/server/**'], []

2019-11-22 15:30:44,148 INFO Creating filter chain: any request, [org.springframework.security.web.context.request.async.WebAsyncManagerIntegrationFilter@18a3962d, org.springframework.security.web.context.SecurityContextPersistenceFilter@55795845, org.springframework.security.web.header.HeaderWriterFilter@72bd06ca, org.springframework.security.web.authentication.logout.LogoutFilter@6175619b, com.alibaba.nacos.console.filter.JwtAuthenticationTokenFilter@78aea4b9, org.springframework.security.web.savedrequest.RequestCacheAwareFilter@119f1f2a, org.springframework.security.web.servletapi.SecurityContextHolderAwareRequestFilter@7fd4acee, org.springframework.security.web.authentication.AnonymousAuthenticationFilter@2a65bb85, org.springframework.security.web.session.SessionManagementFilter@5dbe30be, org.springframework.security.web.access.ExceptionTranslationFilter@5cc126dc, org.springframework.security.web.access.intercept.FilterSecurityInterceptor@52500920]

2019-11-22 15:30:44,359 INFO Exposing 2 endpoint(s) beneath base path '/actuator'

2019-11-22 15:30:44,414 INFO Initializing ExecutorService 'taskScheduler'

2019-11-22 15:30:44,600 INFO Tomcat started on port(s): 8848 (http) with context path '/nacos'

2019-11-22 15:30:44,620 INFO Nacos Log files: /home/nacos/logs/

2019-11-22 15:30:44,621 INFO Nacos Conf files: /home/nacos/conf/

2019-11-22 15:30:44,622 INFO Nacos Data files: /home/nacos/data/

2019-11-22 15:30:44,623 INFO Nacos started successfully in stand alone mode.

2019-11-22 15:30:46,715 INFO Initializing Servlet 'dispatcherServlet'

2019-11-22 15:30:46,749 INFO Completed initialization in 25 ms

